2021-11-26 02:23:29,681  INFO [main] Baseclass:44 - 
2021-11-26 02:23:36,706  INFO [main] Baseclass:52 - Gifts Online - Send Unique, Unusual Gifts in India, Buy Gifts– Bigsmall.in
2021-11-26 02:23:39,500  INFO [main] Baseclass:55 - Click Signin Button
2021-11-26 02:23:39,848  INFO [main] Baseclass:57 - Enetr mail
2021-11-26 02:23:39,963  INFO [main] Baseclass:59 - Enter password
2021-11-26 02:23:44,245  INFO [main] Baseclass:61 - Click on login button
2021-11-26 02:23:48,765  INFO [main] Baseclass:44 - 
2021-11-26 02:24:10,661  INFO [main] Baseclass:84 - Gifts Online - Send Unique, Unusual Gifts in India, Buy Gifts– Bigsmall.in
2021-11-26 02:24:14,374  INFO [main] Baseclass:87 - Click on search bar
2021-11-26 02:24:19,911  INFO [main] Baseclass:89 - Click On productt
2021-11-26 02:24:20,178  INFO [main] Baseclass:91 - Click On add to bag
2021-11-26 02:24:22,497  INFO [main] Baseclass:93 - Click On checkout
2021-11-26 02:24:26,076  INFO [main] Baseclass:44 - 
2021-11-26 02:24:32,990  INFO [main] Baseclass:116 - Gifts Online - Send Unique, Unusual Gifts in India, Buy Gifts– Bigsmall.in
2021-11-26 02:24:33,142  INFO [main] Baseclass:121 - Click on personalize gift
2021-11-26 02:24:33,177  INFO [main] Baseclass:126 - Handling Multiple Windows
2021-11-26 02:24:38,646  INFO [main] Baseclass:131 - Click On product
2021-11-26 02:24:39,650  INFO [main] Baseclass:135 - Verify the text
2021-11-26 02:24:42,897  INFO [main] Baseclass:44 - 
2021-11-26 02:24:51,525  INFO [main] Baseclass:148 - Gifts Online - Send Unique, Unusual Gifts in India, Buy Gifts– Bigsmall.in
2021-11-26 02:24:58,088  INFO [main] Baseclass:155 - Click on Header Hover link
2021-11-26 02:25:00,675  INFO [main] Baseclass:157 - Click On product
2021-11-26 02:25:01,137  INFO [main] Baseclass:159 - Click On add to bag
2021-11-26 02:25:04,459  INFO [main] Baseclass:44 - 
2021-11-26 02:25:12,703  INFO [main] Baseclass:172 - Gifts Online - Send Unique, Unusual Gifts in India, Buy Gifts– Bigsmall.in
2021-11-26 02:25:16,312  INFO [main] Baseclass:175 - Click on Home Page Whats New
2021-11-26 02:25:19,225  INFO [main] Baseclass:177 - Click On Product
2021-11-26 02:25:19,521  INFO [main] Baseclass:179 - Click On monica module
2021-11-26 02:25:19,984  INFO [main] Baseclass:181 - Click On add to bag
2021-11-26 02:25:23,208  INFO [main] Baseclass:44 - 
2021-11-26 02:25:30,961  INFO [main] Baseclass:193 - Gifts Online - Send Unique, Unusual Gifts in India, Buy Gifts– Bigsmall.in
2021-11-26 02:25:34,759  INFO [main] Baseclass:196 - Click On product
2021-11-26 02:25:35,327  INFO [main] Baseclass:198 - Click On add to Wishlist
2021-11-26 02:25:38,540  INFO [main] Baseclass:200 - Click On Wishlist
2021-11-26 02:25:43,552  INFO [main] Baseclass:44 - 
2021-11-26 02:25:52,302  INFO [main] Baseclass:212 - Gifts Online - Send Unique, Unusual Gifts in India, Buy Gifts– Bigsmall.in
2021-11-26 02:25:55,224  INFO [main] Baseclass:215 - Click on GiftCard
2021-11-26 02:25:55,543  INFO [main] Baseclass:217 - Select money
2021-11-26 02:25:55,903  INFO [main] Baseclass:219 - Click On add to bag
2021-11-26 02:25:59,109  INFO [main] Baseclass:44 - 
2021-11-26 02:26:07,641  INFO [main] Baseclass:231 - Gifts Online - Send Unique, Unusual Gifts in India, Buy Gifts– Bigsmall.in
2021-11-26 02:26:10,601  INFO [main] Baseclass:234 - Click on christmas
2021-11-26 02:26:13,696  INFO [main] Baseclass:236 - Click on christmas first product
2021-11-26 02:26:14,082  INFO [main] Baseclass:238 - Click add to cart
2021-11-26 02:26:15,151  INFO [main] Baseclass:240 - cut drawer
2021-11-26 02:26:15,693  INFO [main] Baseclass:242 - Click on Cart
2021-11-26 02:26:20,653  INFO [main] Baseclass:44 - 
2021-11-26 02:26:28,397  INFO [main] Baseclass:254 - Gifts Online - Send Unique, Unusual Gifts in India, Buy Gifts– Bigsmall.in
2021-11-26 02:26:31,704  INFO [main] Baseclass:257 - Click on Home page in Home Decor
2021-11-26 02:26:34,685  INFO [main] Baseclass:259 - Click On product
2021-11-26 02:26:35,209  INFO [main] Baseclass:261 - Click On add to bag
2021-11-26 02:26:38,174  INFO [main] Baseclass:44 - 
2021-11-26 02:26:45,386  INFO [main] Baseclass:273 - Gifts Online - Send Unique, Unusual Gifts in India, Buy Gifts– Bigsmall.in
2021-11-26 02:26:48,433  INFO [main] Baseclass:276 - Click on Home Page in DC Symbol
2021-11-26 02:26:51,614  INFO [main] Baseclass:278 - Click On product
2021-11-26 02:26:51,934  INFO [main] Baseclass:280 - Click On add to bag
